Flutter crash report; please file at https://github.com/flutter/flutter/issues.

## command

flutter run --machine --target lib\main.dart -d emulator-5554 --track-widget-creation --start-paused

## exception

FileSystemException: FileSystemException: Cannot open file, path = 'C:\Users\fredr\PVT6\Frontend\frontend\.packages' (OS Error: The system cannot find the file specified.
, errno = 2)

```
#0      _File.throwIfError (dart:io/file_impl.dart:645:7)
#1      _File.openSync (dart:io/file_impl.dart:489:5)
#2      _File.readAsBytesSync (dart:io/file_impl.dart:549:18)
#3      ForwardingFile.readAsBytesSync (package:file/src/forwarding/forwarding_file.dart:95:62)
#4      _parse (package:flutter_tools/src/dart/package_map.dart:13:50)
#5      PackageMap.load (package:flutter_tools/src/dart/package_map.dart:37:14)
#6      PackageMap.map (package:flutter_tools/src/dart/package_map.dart:41:5)
#7      new PackageUriMapper (package:flutter_tools/src/compile.dart:202:84)
#8      DefaultResidentCompiler._recompile (package:flutter_tools/src/compile.dart:590:26)
#9      _RecompileRequest._run (package:flutter_tools/src/compile.dart:415:16)
#10     _CompilationRequest.run (package:flutter_tools/src/compile.dart:395:30)
#11     DefaultResidentCompiler._handleCompilationRequest (package:flutter_tools/src/compile.dart:634:23)
#12     _rootRunUnary (dart:async/zone.dart:1138:13)
#13     _CustomZone.runUnary (dart:async/zone.dart:1031:19)
#14     _CustomZone.runUnaryGuarded (dart:async/zone.dart:933:7)
#15     _BufferingStreamSubscription._sendData (dart:async/stream_impl.dart:338:11)
#16     _DelayedData.perform (dart:async/stream_impl.dart:593:14)
#17     _StreamImplEvents.handleNext (dart:async/stream_impl.dart:709:11)
#18     _PendingEvents.schedule.<anonymous closure> (dart:async/stream_impl.dart:669:7)
#19     _rootRun (dart:async/zone.dart:1122:38)
#20     _CustomZone.run (dart:async/zone.dart:1023:19)
#21     _CustomZone.runGuarded (dart:async/zone.dart:925:7)
#22     _CustomZone.bindCallbackGuarded.<anonymous closure> (dart:async/zone.dart:965:23)
#23     _rootRun (dart:async/zone.dart:1126:13)
#24     _CustomZone.run (dart:async/zone.dart:1023:19)
#25     _CustomZone.runGuarded (dart:async/zone.dart:925:7)
#26     _CustomZone.bindCallbackGuarded.<anonymous closure> (dart:async/zone.dart:965:23)
#27     _microtaskLoop (dart:async/schedule_microtask.dart:43:21)
#28     _startMicrotaskLoop (dart:async/schedule_microtask.dart:52:5)
#29     _runPendingImmediateCallback (dart:isolate-patch/isolate_patch.dart:118:13)
#30     _RawReceivePortImpl._handleMessage (dart:isolate-patch/isolate_patch.dart:175:5)
```

## flutter doctor

```
[✓] Flutter (Channel stable, v1.12.13+hotfix.9, on Microsoft Windows [Version 10.0.18363.720], locale en-SE)
    • Flutter version 1.12.13+hotfix.9 at C:\src\flutter
    • Framework revision f139b11009 (9 days ago), 2020-03-30 13:57:30 -0700
    • Engine revision af51afceb8
    • Dart version 2.7.2

[!] Android toolchain - develop for Android devices (Android SDK version 29.0.3)
    • Android SDK at C:\Users\fredr\AppData\Local\Android\sdk
    • Android NDK location not configured (optional; useful for native profiling support)
    • Platform android-R, build-tools 29.0.3
    • Java binary at: C:\Program Files\Android\Android Studio\jre\bin\java
    • Java version OpenJDK Runtime Environment (build 1.8.0_212-release-1586-b04)
    ✗ Android license status unknown.
      Try re-installing or updating your Android SDK Manager.
      See https://developer.android.com/studio/#downloads or visit https://flutter.dev/setup/#android-setup for detailed instructions.

[✓] Android Studio (version 3.6)
    • Android Studio at C:\Program Files\Android\Android Studio
    • Flutter plugin version 45.0.1
    • Dart plugin version 192.7761
    • Java version OpenJDK Runtime Environment (build 1.8.0_212-release-1586-b04)

[✓] VS Code (version 1.43.2)
    • VS Code at C:\Users\fredr\AppData\Local\Programs\Microsoft VS Code
    • Flutter extension version 3.9.1

[✓] Connected device (1 available)
    • sdk gphone x86 • emulator-5554 • android-x86 • Android 10 (API 29) (emulator)

! Doctor found issues in 1 category.
```
